<?xml version="1.0" encoding="UTF-8"?>
<!-- Generated by org.testng.reporters.JUnitReportReporter -->
<testsuite hostname="ip-172-31-25-243" failures="0" tests="5" name="restAPI.EndToEndTest" time="2.023" errors="0" timestamp="09 Oct 2024 07:09:17 GMT" skipped="0">
  <testcase classname="restAPI.EndToEndTest" name="Test01_GetAllEmployee" time="1.205"/>
  <testcase classname="restAPI.EndToEndTest" name="Test04_DeleteEmployee" time="0.030"/>
  <testcase classname="restAPI.EndToEndTest" name="Test03_CreateEmployee" time="0.299"/>
  <testcase classname="restAPI.EndToEndTest" name="Test05_TestDeletedEmployee" time="0.015"/>
  <testcase classname="restAPI.EndToEndTest" name="Test02_GetSingleEmployee" time="0.474"/>
</testsuite> <!-- restAPI.EndToEndTest -->
